2017-10-24 20:37:09 Debug: save
2017-10-24 20:39:35 Debug: save
2017-10-24 20:43:40 Debug: save
2017-10-24 20:43:40 Debug: save
2017-10-24 21:30:54 Debug: save
2017-10-24 21:30:54 Debug: save
2017-10-24 21:30:54 Debug: save
2017-10-24 21:30:54 Debug: save
2017-10-24 21:32:13 Debug: save
2017-10-24 21:32:13 Debug: save
2017-10-24 21:32:13 Debug: save
2017-10-24 21:32:13 Debug: save
2017-10-24 22:10:31 Notice: Notice (8): Undefined variable: googleMapBkk in [C:\xampp\htdocs\Dropbox\bestland\src\Template\AdminAsset\edit.ctp, line 469]
Request URL: /admin-asset/edit/be4a14f7-a82d-429a-88fb-2a655daf01b5
Client IP: 127.0.0.1
Trace:
Cake\Error\BaseErrorHandler::handleError() - CORE\src\Error\BaseErrorHandler.php, line 153
include - APP/Template\AdminAsset\edit.ctp, line 469
Cake\View\View::_evaluate() - CORE\src\View\View.php, line 1196
Cake\View\View::_render() - CORE\src\View\View.php, line 1157
Cake\View\View::render() - CORE\src\View\View.php, line 765
Cake\Controller\Controller::render() - CORE\src\Controller\Controller.php, line 623
Cake\Http\ActionDispatcher::_invoke() - CORE\src\Http\ActionDispatcher.php, line 125
Cake\Http\ActionDispatcher::dispatch() - CORE\src\Http\ActionDispatcher.php, line 93
Cake\Http\BaseApplication::__invoke() - CORE\src\Http\BaseApplication.php, line 103
Cake\Http\Runner::__invoke() - CORE\src\Http\Runner.php, line 65
Cake\Routing\Middleware\RoutingMiddleware::__invoke() - CORE\src\Routing\Middleware\RoutingMiddleware.php, line 106
Cake\Http\Runner::__invoke() - CORE\src\Http\Runner.php, line 65
Cake\Routing\Middleware\AssetMiddleware::__invoke() - CORE\src\Routing\Middleware\AssetMiddleware.php, line 88
Cake\Http\Runner::__invoke() - CORE\src\Http\Runner.php, line 65
Cake\Error\Middleware\ErrorHandlerMiddleware::__invoke() - CORE\src\Error\Middleware\ErrorHandlerMiddleware.php, line 95
Cake\Http\Runner::__invoke() - CORE\src\Http\Runner.php, line 65
Cake\Http\Runner::run() - CORE\src\Http\Runner.php, line 51
Cake\Http\Server::run() - CORE\src\Http\Server.php, line 81
[main] - ROOT\webroot\index.php, line 40



2017-10-24 22:10:31 Notice: Notice (8): Undefined variable: googleMapBkk in [C:\xampp\htdocs\Dropbox\bestland\src\Template\AdminAsset\edit.ctp, line 470]
Request URL: /admin-asset/edit/be4a14f7-a82d-429a-88fb-2a655daf01b5
Client IP: 127.0.0.1
Trace:
Cake\Error\BaseErrorHandler::handleError() - CORE\src\Error\BaseErrorHandler.php, line 153
include - APP/Template\AdminAsset\edit.ctp, line 470
Cake\View\View::_evaluate() - CORE\src\View\View.php, line 1196
Cake\View\View::_render() - CORE\src\View\View.php, line 1157
Cake\View\View::render() - CORE\src\View\View.php, line 765
Cake\Controller\Controller::render() - CORE\src\Controller\Controller.php, line 623
Cake\Http\ActionDispatcher::_invoke() - CORE\src\Http\ActionDispatcher.php, line 125
Cake\Http\ActionDispatcher::dispatch() - CORE\src\Http\ActionDispatcher.php, line 93
Cake\Http\BaseApplication::__invoke() - CORE\src\Http\BaseApplication.php, line 103
Cake\Http\Runner::__invoke() - CORE\src\Http\Runner.php, line 65
Cake\Routing\Middleware\RoutingMiddleware::__invoke() - CORE\src\Routing\Middleware\RoutingMiddleware.php, line 106
Cake\Http\Runner::__invoke() - CORE\src\Http\Runner.php, line 65
Cake\Routing\Middleware\AssetMiddleware::__invoke() - CORE\src\Routing\Middleware\AssetMiddleware.php, line 88
Cake\Http\Runner::__invoke() - CORE\src\Http\Runner.php, line 65
Cake\Error\Middleware\ErrorHandlerMiddleware::__invoke() - CORE\src\Error\Middleware\ErrorHandlerMiddleware.php, line 95
Cake\Http\Runner::__invoke() - CORE\src\Http\Runner.php, line 65
Cake\Http\Runner::run() - CORE\src\Http\Runner.php, line 51
Cake\Http\Server::run() - CORE\src\Http\Server.php, line 81
[main] - ROOT\webroot\index.php, line 40



2017-10-24 22:10:36 Notice: Notice (8): Undefined variable: googleMapBkk in [C:\xampp\htdocs\Dropbox\bestland\src\Template\AdminAsset\edit.ctp, line 469]
Request URL: /admin-asset/edit/be4a14f7-a82d-429a-88fb-2a655daf01b5
Client IP: 127.0.0.1
Trace:
Cake\Error\BaseErrorHandler::handleError() - CORE\src\Error\BaseErrorHandler.php, line 153
include - APP/Template\AdminAsset\edit.ctp, line 469
Cake\View\View::_evaluate() - CORE\src\View\View.php, line 1196
Cake\View\View::_render() - CORE\src\View\View.php, line 1157
Cake\View\View::render() - CORE\src\View\View.php, line 765
Cake\Controller\Controller::render() - CORE\src\Controller\Controller.php, line 623
Cake\Http\ActionDispatcher::_invoke() - CORE\src\Http\ActionDispatcher.php, line 125
Cake\Http\ActionDispatcher::dispatch() - CORE\src\Http\ActionDispatcher.php, line 93
Cake\Http\BaseApplication::__invoke() - CORE\src\Http\BaseApplication.php, line 103
Cake\Http\Runner::__invoke() - CORE\src\Http\Runner.php, line 65
Cake\Routing\Middleware\RoutingMiddleware::__invoke() - CORE\src\Routing\Middleware\RoutingMiddleware.php, line 106
Cake\Http\Runner::__invoke() - CORE\src\Http\Runner.php, line 65
Cake\Routing\Middleware\AssetMiddleware::__invoke() - CORE\src\Routing\Middleware\AssetMiddleware.php, line 88
Cake\Http\Runner::__invoke() - CORE\src\Http\Runner.php, line 65
Cake\Error\Middleware\ErrorHandlerMiddleware::__invoke() - CORE\src\Error\Middleware\ErrorHandlerMiddleware.php, line 95
Cake\Http\Runner::__invoke() - CORE\src\Http\Runner.php, line 65
Cake\Http\Runner::run() - CORE\src\Http\Runner.php, line 51
Cake\Http\Server::run() - CORE\src\Http\Server.php, line 81
[main] - ROOT\webroot\index.php, line 40



2017-10-24 22:10:36 Notice: Notice (8): Undefined variable: googleMapBkk in [C:\xampp\htdocs\Dropbox\bestland\src\Template\AdminAsset\edit.ctp, line 470]
Request URL: /admin-asset/edit/be4a14f7-a82d-429a-88fb-2a655daf01b5
Client IP: 127.0.0.1
Trace:
Cake\Error\BaseErrorHandler::handleError() - CORE\src\Error\BaseErrorHandler.php, line 153
include - APP/Template\AdminAsset\edit.ctp, line 470
Cake\View\View::_evaluate() - CORE\src\View\View.php, line 1196
Cake\View\View::_render() - CORE\src\View\View.php, line 1157
Cake\View\View::render() - CORE\src\View\View.php, line 765
Cake\Controller\Controller::render() - CORE\src\Controller\Controller.php, line 623
Cake\Http\ActionDispatcher::_invoke() - CORE\src\Http\ActionDispatcher.php, line 125
Cake\Http\ActionDispatcher::dispatch() - CORE\src\Http\ActionDispatcher.php, line 93
Cake\Http\BaseApplication::__invoke() - CORE\src\Http\BaseApplication.php, line 103
Cake\Http\Runner::__invoke() - CORE\src\Http\Runner.php, line 65
Cake\Routing\Middleware\RoutingMiddleware::__invoke() - CORE\src\Routing\Middleware\RoutingMiddleware.php, line 106
Cake\Http\Runner::__invoke() - CORE\src\Http\Runner.php, line 65
Cake\Routing\Middleware\AssetMiddleware::__invoke() - CORE\src\Routing\Middleware\AssetMiddleware.php, line 88
Cake\Http\Runner::__invoke() - CORE\src\Http\Runner.php, line 65
Cake\Error\Middleware\ErrorHandlerMiddleware::__invoke() - CORE\src\Error\Middleware\ErrorHandlerMiddleware.php, line 95
Cake\Http\Runner::__invoke() - CORE\src\Http\Runner.php, line 65
Cake\Http\Runner::run() - CORE\src\Http\Runner.php, line 51
Cake\Http\Server::run() - CORE\src\Http\Server.php, line 81
[main] - ROOT\webroot\index.php, line 40



2017-10-24 22:15:05 Debug: save
2017-10-24 22:15:05 Debug: save
2017-10-24 22:15:05 Debug: save
2017-10-24 22:15:05 Debug: save
2017-11-10 23:26:53 Debug: save
2017-11-10 23:26:53 Debug: save
2017-11-10 23:26:53 Debug: save
2017-11-10 23:26:53 Debug: save
2017-11-10 23:26:53 Debug: save
2017-11-10 23:26:53 Debug: save
2017-11-10 23:26:53 Debug: save
2017-11-10 23:26:53 Debug: save
2017-11-10 23:26:53 Debug: save
2017-11-10 23:26:53 Debug: save
2017-11-10 23:26:53 Debug: save
2017-11-10 23:26:53 Debug: save
2017-11-10 23:26:53 Debug: save
2017-11-10 23:30:53 Notice: Notice (8): Undefined variable: data in [C:\xampp\htdocs\Dropbox\bestland\src\Template\AdminAsset\edit.ctp, line 69]
Request URL: /admin-asset/edit/8deb711a-db17-4a10-bf8d-f3e4f602b878
Client IP: 127.0.0.1
Trace:
Cake\Error\BaseErrorHandler::handleError() - CORE\src\Error\BaseErrorHandler.php, line 153
include - APP/Template\AdminAsset\edit.ctp, line 69
Cake\View\View::_evaluate() - CORE\src\View\View.php, line 1196
Cake\View\View::_render() - CORE\src\View\View.php, line 1157
Cake\View\View::render() - CORE\src\View\View.php, line 765
Cake\Controller\Controller::render() - CORE\src\Controller\Controller.php, line 623
Cake\Http\ActionDispatcher::_invoke() - CORE\src\Http\ActionDispatcher.php, line 125
Cake\Http\ActionDispatcher::dispatch() - CORE\src\Http\ActionDispatcher.php, line 93
Cake\Http\BaseApplication::__invoke() - CORE\src\Http\BaseApplication.php, line 103
Cake\Http\Runner::__invoke() - CORE\src\Http\Runner.php, line 65
Cake\Routing\Middleware\RoutingMiddleware::__invoke() - CORE\src\Routing\Middleware\RoutingMiddleware.php, line 106
Cake\Http\Runner::__invoke() - CORE\src\Http\Runner.php, line 65
Cake\Routing\Middleware\AssetMiddleware::__invoke() - CORE\src\Routing\Middleware\AssetMiddleware.php, line 88
Cake\Http\Runner::__invoke() - CORE\src\Http\Runner.php, line 65
Cake\Error\Middleware\ErrorHandlerMiddleware::__invoke() - CORE\src\Error\Middleware\ErrorHandlerMiddleware.php, line 95
Cake\Http\Runner::__invoke() - CORE\src\Http\Runner.php, line 65
Cake\Http\Runner::run() - CORE\src\Http\Runner.php, line 51
Cake\Http\Server::run() - CORE\src\Http\Server.php, line 81
[main] - ROOT\webroot\index.php, line 40



2017-11-10 23:30:53 Notice: Notice (8): Undefined offset: 2 in [C:\xampp\htdocs\Dropbox\bestland\src\Template\AdminAsset\edit.ctp, line 70]
Request URL: /admin-asset/edit/8deb711a-db17-4a10-bf8d-f3e4f602b878
Client IP: 127.0.0.1
Trace:
Cake\Error\BaseErrorHandler::handleError() - CORE\src\Error\BaseErrorHandler.php, line 153
include - APP/Template\AdminAsset\edit.ctp, line 70
Cake\View\View::_evaluate() - CORE\src\View\View.php, line 1196
Cake\View\View::_render() - CORE\src\View\View.php, line 1157
Cake\View\View::render() - CORE\src\View\View.php, line 765
Cake\Controller\Controller::render() - CORE\src\Controller\Controller.php, line 623
Cake\Http\ActionDispatcher::_invoke() - CORE\src\Http\ActionDispatcher.php, line 125
Cake\Http\ActionDispatcher::dispatch() - CORE\src\Http\ActionDispatcher.php, line 93
Cake\Http\BaseApplication::__invoke() - CORE\src\Http\BaseApplication.php, line 103
Cake\Http\Runner::__invoke() - CORE\src\Http\Runner.php, line 65
Cake\Routing\Middleware\RoutingMiddleware::__invoke() - CORE\src\Routing\Middleware\RoutingMiddleware.php, line 106
Cake\Http\Runner::__invoke() - CORE\src\Http\Runner.php, line 65
Cake\Routing\Middleware\AssetMiddleware::__invoke() - CORE\src\Routing\Middleware\AssetMiddleware.php, line 88
Cake\Http\Runner::__invoke() - CORE\src\Http\Runner.php, line 65
Cake\Error\Middleware\ErrorHandlerMiddleware::__invoke() - CORE\src\Error\Middleware\ErrorHandlerMiddleware.php, line 95
Cake\Http\Runner::__invoke() - CORE\src\Http\Runner.php, line 65
Cake\Http\Runner::run() - CORE\src\Http\Runner.php, line 51
Cake\Http\Server::run() - CORE\src\Http\Server.php, line 81
[main] - ROOT\webroot\index.php, line 40



2017-11-10 23:30:53 Notice: Notice (8): Undefined offset: 1 in [C:\xampp\htdocs\Dropbox\bestland\src\Template\AdminAsset\edit.ctp, line 70]
Request URL: /admin-asset/edit/8deb711a-db17-4a10-bf8d-f3e4f602b878
Client IP: 127.0.0.1
Trace:
Cake\Error\BaseErrorHandler::handleError() - CORE\src\Error\BaseErrorHandler.php, line 153
include - APP/Template\AdminAsset\edit.ctp, line 70
Cake\View\View::_evaluate() - CORE\src\View\View.php, line 1196
Cake\View\View::_render() - CORE\src\View\View.php, line 1157
Cake\View\View::render() - CORE\src\View\View.php, line 765
Cake\Controller\Controller::render() - CORE\src\Controller\Controller.php, line 623
Cake\Http\ActionDispatcher::_invoke() - CORE\src\Http\ActionDispatcher.php, line 125
Cake\Http\ActionDispatcher::dispatch() - CORE\src\Http\ActionDispatcher.php, line 93
Cake\Http\BaseApplication::__invoke() - CORE\src\Http\BaseApplication.php, line 103
Cake\Http\Runner::__invoke() - CORE\src\Http\Runner.php, line 65
Cake\Routing\Middleware\RoutingMiddleware::__invoke() - CORE\src\Routing\Middleware\RoutingMiddleware.php, line 106
Cake\Http\Runner::__invoke() - CORE\src\Http\Runner.php, line 65
Cake\Routing\Middleware\AssetMiddleware::__invoke() - CORE\src\Routing\Middleware\AssetMiddleware.php, line 88
Cake\Http\Runner::__invoke() - CORE\src\Http\Runner.php, line 65
Cake\Error\Middleware\ErrorHandlerMiddleware::__invoke() - CORE\src\Error\Middleware\ErrorHandlerMiddleware.php, line 95
Cake\Http\Runner::__invoke() - CORE\src\Http\Runner.php, line 65
Cake\Http\Runner::run() - CORE\src\Http\Runner.php, line 51
Cake\Http\Server::run() - CORE\src\Http\Server.php, line 81
[main] - ROOT\webroot\index.php, line 40



2017-11-10 23:31:10 Notice: Notice (8): Undefined offset: 2 in [C:\xampp\htdocs\Dropbox\bestland\src\Template\AdminAsset\edit.ctp, line 70]
Request URL: /admin-asset/edit/8deb711a-db17-4a10-bf8d-f3e4f602b878
Client IP: 127.0.0.1
Trace:
Cake\Error\BaseErrorHandler::handleError() - CORE\src\Error\BaseErrorHandler.php, line 153
include - APP/Template\AdminAsset\edit.ctp, line 70
Cake\View\View::_evaluate() - CORE\src\View\View.php, line 1196
Cake\View\View::_render() - CORE\src\View\View.php, line 1157
Cake\View\View::render() - CORE\src\View\View.php, line 765
Cake\Controller\Controller::render() - CORE\src\Controller\Controller.php, line 623
Cake\Http\ActionDispatcher::_invoke() - CORE\src\Http\ActionDispatcher.php, line 125
Cake\Http\ActionDispatcher::dispatch() - CORE\src\Http\ActionDispatcher.php, line 93
Cake\Http\BaseApplication::__invoke() - CORE\src\Http\BaseApplication.php, line 103
Cake\Http\Runner::__invoke() - CORE\src\Http\Runner.php, line 65
Cake\Routing\Middleware\RoutingMiddleware::__invoke() - CORE\src\Routing\Middleware\RoutingMiddleware.php, line 106
Cake\Http\Runner::__invoke() - CORE\src\Http\Runner.php, line 65
Cake\Routing\Middleware\AssetMiddleware::__invoke() - CORE\src\Routing\Middleware\AssetMiddleware.php, line 88
Cake\Http\Runner::__invoke() - CORE\src\Http\Runner.php, line 65
Cake\Error\Middleware\ErrorHandlerMiddleware::__invoke() - CORE\src\Error\Middleware\ErrorHandlerMiddleware.php, line 95
Cake\Http\Runner::__invoke() - CORE\src\Http\Runner.php, line 65
Cake\Http\Runner::run() - CORE\src\Http\Runner.php, line 51
Cake\Http\Server::run() - CORE\src\Http\Server.php, line 81
[main] - ROOT\webroot\index.php, line 40



2017-11-10 23:31:10 Notice: Notice (8): Undefined offset: 1 in [C:\xampp\htdocs\Dropbox\bestland\src\Template\AdminAsset\edit.ctp, line 70]
Request URL: /admin-asset/edit/8deb711a-db17-4a10-bf8d-f3e4f602b878
Client IP: 127.0.0.1
Trace:
Cake\Error\BaseErrorHandler::handleError() - CORE\src\Error\BaseErrorHandler.php, line 153
include - APP/Template\AdminAsset\edit.ctp, line 70
Cake\View\View::_evaluate() - CORE\src\View\View.php, line 1196
Cake\View\View::_render() - CORE\src\View\View.php, line 1157
Cake\View\View::render() - CORE\src\View\View.php, line 765
Cake\Controller\Controller::render() - CORE\src\Controller\Controller.php, line 623
Cake\Http\ActionDispatcher::_invoke() - CORE\src\Http\ActionDispatcher.php, line 125
Cake\Http\ActionDispatcher::dispatch() - CORE\src\Http\ActionDispatcher.php, line 93
Cake\Http\BaseApplication::__invoke() - CORE\src\Http\BaseApplication.php, line 103
Cake\Http\Runner::__invoke() - CORE\src\Http\Runner.php, line 65
Cake\Routing\Middleware\RoutingMiddleware::__invoke() - CORE\src\Routing\Middleware\RoutingMiddleware.php, line 106
Cake\Http\Runner::__invoke() - CORE\src\Http\Runner.php, line 65
Cake\Routing\Middleware\AssetMiddleware::__invoke() - CORE\src\Routing\Middleware\AssetMiddleware.php, line 88
Cake\Http\Runner::__invoke() - CORE\src\Http\Runner.php, line 65
Cake\Error\Middleware\ErrorHandlerMiddleware::__invoke() - CORE\src\Error\Middleware\ErrorHandlerMiddleware.php, line 95
Cake\Http\Runner::__invoke() - CORE\src\Http\Runner.php, line 65
Cake\Http\Runner::run() - CORE\src\Http\Runner.php, line 51
Cake\Http\Server::run() - CORE\src\Http\Server.php, line 81
[main] - ROOT\webroot\index.php, line 40



2017-11-10 23:31:14 Notice: Notice (8): Undefined offset: 2 in [C:\xampp\htdocs\Dropbox\bestland\src\Template\AdminAsset\edit.ctp, line 70]
Request URL: /admin-asset/edit/8deb711a-db17-4a10-bf8d-f3e4f602b878
Client IP: 127.0.0.1
Trace:
Cake\Error\BaseErrorHandler::handleError() - CORE\src\Error\BaseErrorHandler.php, line 153
include - APP/Template\AdminAsset\edit.ctp, line 70
Cake\View\View::_evaluate() - CORE\src\View\View.php, line 1196
Cake\View\View::_render() - CORE\src\View\View.php, line 1157
Cake\View\View::render() - CORE\src\View\View.php, line 765
Cake\Controller\Controller::render() - CORE\src\Controller\Controller.php, line 623
Cake\Http\ActionDispatcher::_invoke() - CORE\src\Http\ActionDispatcher.php, line 125
Cake\Http\ActionDispatcher::dispatch() - CORE\src\Http\ActionDispatcher.php, line 93
Cake\Http\BaseApplication::__invoke() - CORE\src\Http\BaseApplication.php, line 103
Cake\Http\Runner::__invoke() - CORE\src\Http\Runner.php, line 65
Cake\Routing\Middleware\RoutingMiddleware::__invoke() - CORE\src\Routing\Middleware\RoutingMiddleware.php, line 106
Cake\Http\Runner::__invoke() - CORE\src\Http\Runner.php, line 65
Cake\Routing\Middleware\AssetMiddleware::__invoke() - CORE\src\Routing\Middleware\AssetMiddleware.php, line 88
Cake\Http\Runner::__invoke() - CORE\src\Http\Runner.php, line 65
Cake\Error\Middleware\ErrorHandlerMiddleware::__invoke() - CORE\src\Error\Middleware\ErrorHandlerMiddleware.php, line 95
Cake\Http\Runner::__invoke() - CORE\src\Http\Runner.php, line 65
Cake\Http\Runner::run() - CORE\src\Http\Runner.php, line 51
Cake\Http\Server::run() - CORE\src\Http\Server.php, line 81
[main] - ROOT\webroot\index.php, line 40



2017-11-10 23:31:14 Notice: Notice (8): Undefined offset: 1 in [C:\xampp\htdocs\Dropbox\bestland\src\Template\AdminAsset\edit.ctp, line 70]
Request URL: /admin-asset/edit/8deb711a-db17-4a10-bf8d-f3e4f602b878
Client IP: 127.0.0.1
Trace:
Cake\Error\BaseErrorHandler::handleError() - CORE\src\Error\BaseErrorHandler.php, line 153
include - APP/Template\AdminAsset\edit.ctp, line 70
Cake\View\View::_evaluate() - CORE\src\View\View.php, line 1196
Cake\View\View::_render() - CORE\src\View\View.php, line 1157
Cake\View\View::render() - CORE\src\View\View.php, line 765
Cake\Controller\Controller::render() - CORE\src\Controller\Controller.php, line 623
Cake\Http\ActionDispatcher::_invoke() - CORE\src\Http\ActionDispatcher.php, line 125
Cake\Http\ActionDispatcher::dispatch() - CORE\src\Http\ActionDispatcher.php, line 93
Cake\Http\BaseApplication::__invoke() - CORE\src\Http\BaseApplication.php, line 103
Cake\Http\Runner::__invoke() - CORE\src\Http\Runner.php, line 65
Cake\Routing\Middleware\RoutingMiddleware::__invoke() - CORE\src\Routing\Middleware\RoutingMiddleware.php, line 106
Cake\Http\Runner::__invoke() - CORE\src\Http\Runner.php, line 65
Cake\Routing\Middleware\AssetMiddleware::__invoke() - CORE\src\Routing\Middleware\AssetMiddleware.php, line 88
Cake\Http\Runner::__invoke() - CORE\src\Http\Runner.php, line 65
Cake\Error\Middleware\ErrorHandlerMiddleware::__invoke() - CORE\src\Error\Middleware\ErrorHandlerMiddleware.php, line 95
Cake\Http\Runner::__invoke() - CORE\src\Http\Runner.php, line 65
Cake\Http\Runner::run() - CORE\src\Http\Runner.php, line 51
Cake\Http\Server::run() - CORE\src\Http\Server.php, line 81
[main] - ROOT\webroot\index.php, line 40



2017-11-10 23:31:44 Notice: Notice (8): Undefined offset: 2 in [C:\xampp\htdocs\Dropbox\bestland\src\Template\AdminAsset\edit.ctp, line 71]
Request URL: /admin-asset/edit/8deb711a-db17-4a10-bf8d-f3e4f602b878
Client IP: 127.0.0.1
Trace:
Cake\Error\BaseErrorHandler::handleError() - CORE\src\Error\BaseErrorHandler.php, line 153
include - APP/Template\AdminAsset\edit.ctp, line 71
Cake\View\View::_evaluate() - CORE\src\View\View.php, line 1196
Cake\View\View::_render() - CORE\src\View\View.php, line 1157
Cake\View\View::render() - CORE\src\View\View.php, line 765
Cake\Controller\Controller::render() - CORE\src\Controller\Controller.php, line 623
Cake\Http\ActionDispatcher::_invoke() - CORE\src\Http\ActionDispatcher.php, line 125
Cake\Http\ActionDispatcher::dispatch() - CORE\src\Http\ActionDispatcher.php, line 93
Cake\Http\BaseApplication::__invoke() - CORE\src\Http\BaseApplication.php, line 103
Cake\Http\Runner::__invoke() - CORE\src\Http\Runner.php, line 65
Cake\Routing\Middleware\RoutingMiddleware::__invoke() - CORE\src\Routing\Middleware\RoutingMiddleware.php, line 106
Cake\Http\Runner::__invoke() - CORE\src\Http\Runner.php, line 65
Cake\Routing\Middleware\AssetMiddleware::__invoke() - CORE\src\Routing\Middleware\AssetMiddleware.php, line 88
Cake\Http\Runner::__invoke() - CORE\src\Http\Runner.php, line 65
Cake\Error\Middleware\ErrorHandlerMiddleware::__invoke() - CORE\src\Error\Middleware\ErrorHandlerMiddleware.php, line 95
Cake\Http\Runner::__invoke() - CORE\src\Http\Runner.php, line 65
Cake\Http\Runner::run() - CORE\src\Http\Runner.php, line 51
Cake\Http\Server::run() - CORE\src\Http\Server.php, line 81
[main] - ROOT\webroot\index.php, line 40



2017-11-10 23:31:44 Notice: Notice (8): Undefined offset: 1 in [C:\xampp\htdocs\Dropbox\bestland\src\Template\AdminAsset\edit.ctp, line 71]
Request URL: /admin-asset/edit/8deb711a-db17-4a10-bf8d-f3e4f602b878
Client IP: 127.0.0.1
Trace:
Cake\Error\BaseErrorHandler::handleError() - CORE\src\Error\BaseErrorHandler.php, line 153
include - APP/Template\AdminAsset\edit.ctp, line 71
Cake\View\View::_evaluate() - CORE\src\View\View.php, line 1196
Cake\View\View::_render() - CORE\src\View\View.php, line 1157
Cake\View\View::render() - CORE\src\View\View.php, line 765
Cake\Controller\Controller::render() - CORE\src\Controller\Controller.php, line 623
Cake\Http\ActionDispatcher::_invoke() - CORE\src\Http\ActionDispatcher.php, line 125
Cake\Http\ActionDispatcher::dispatch() - CORE\src\Http\ActionDispatcher.php, line 93
Cake\Http\BaseApplication::__invoke() - CORE\src\Http\BaseApplication.php, line 103
Cake\Http\Runner::__invoke() - CORE\src\Http\Runner.php, line 65
Cake\Routing\Middleware\RoutingMiddleware::__invoke() - CORE\src\Routing\Middleware\RoutingMiddleware.php, line 106
Cake\Http\Runner::__invoke() - CORE\src\Http\Runner.php, line 65
Cake\Routing\Middleware\AssetMiddleware::__invoke() - CORE\src\Routing\Middleware\AssetMiddleware.php, line 88
Cake\Http\Runner::__invoke() - CORE\src\Http\Runner.php, line 65
Cake\Error\Middleware\ErrorHandlerMiddleware::__invoke() - CORE\src\Error\Middleware\ErrorHandlerMiddleware.php, line 95
Cake\Http\Runner::__invoke() - CORE\src\Http\Runner.php, line 65
Cake\Http\Runner::run() - CORE\src\Http\Runner.php, line 51
Cake\Http\Server::run() - CORE\src\Http\Server.php, line 81
[main] - ROOT\webroot\index.php, line 40



2017-11-13 10:51:38 Debug: save
2017-11-13 10:51:38 Debug: save
2017-11-13 10:51:38 Debug: save
2017-11-13 10:51:38 Debug: save
2017-11-13 10:51:38 Debug: save
2017-11-13 10:51:38 Debug: save
2017-11-13 10:51:38 Debug: save
2017-11-13 10:51:38 Debug: save
2017-11-13 10:51:38 Debug: save
2017-11-13 10:51:38 Debug: save
2017-11-13 10:51:38 Debug: save
2017-11-13 10:51:38 Debug: save
2017-11-13 10:51:38 Debug: save
2017-11-13 10:54:47 Debug: save
2017-11-13 10:54:47 Debug: save
2017-11-13 10:54:47 Debug: save
2017-11-13 10:54:47 Debug: save
2017-11-13 10:54:47 Debug: save
2017-11-13 10:54:47 Debug: save
2017-11-13 10:54:47 Debug: save
2017-11-13 10:54:47 Debug: save
2017-11-13 10:54:47 Debug: save
2017-11-13 10:54:47 Debug: save
2017-11-13 10:54:47 Debug: save
2017-11-13 10:54:47 Debug: save
2017-11-13 10:54:47 Debug: save
2017-11-13 10:55:02 Debug: save
2017-11-13 10:55:02 Debug: save
2017-11-13 10:55:02 Debug: save
2017-11-13 10:55:02 Debug: save
2017-11-13 10:55:02 Debug: save
2017-11-13 10:55:02 Debug: save
2017-11-13 10:55:02 Debug: save
2017-11-13 10:55:02 Debug: save
2017-11-13 10:55:02 Debug: save
2017-11-13 10:55:02 Debug: save
2017-11-13 10:55:02 Debug: save
2017-11-13 10:55:02 Debug: save
2017-11-13 10:55:02 Debug: save
2017-11-13 10:56:03 Debug: save
2017-11-13 10:56:03 Debug: save
2017-11-13 10:56:03 Debug: save
2017-11-13 10:56:03 Debug: save
2017-11-13 10:56:03 Debug: save
2017-11-13 10:56:03 Debug: save
2017-11-13 10:56:03 Debug: save
2017-11-13 10:56:03 Debug: save
2017-11-13 10:56:03 Debug: save
2017-11-13 10:56:03 Debug: save
2017-11-13 10:56:03 Debug: save
2017-11-13 10:56:03 Debug: save
2017-11-13 10:56:03 Debug: save
2017-11-13 10:56:33 Debug: save
2017-11-13 10:56:33 Debug: save
2017-11-13 10:56:33 Debug: save
2017-11-13 10:56:33 Debug: save
2017-11-13 10:56:33 Debug: save
2017-11-13 10:56:33 Debug: save
2017-11-13 10:56:33 Debug: save
2017-11-13 10:56:33 Debug: save
2017-11-13 10:56:33 Debug: save
2017-11-13 10:56:33 Debug: save
2017-11-13 10:56:33 Debug: save
2017-11-13 10:56:33 Debug: save
2017-11-13 10:56:33 Debug: save
2017-11-13 11:06:00 Debug: save
2017-11-13 11:06:00 Debug: save
2017-11-13 11:06:00 Debug: save
2017-11-13 11:06:00 Debug: save
2017-11-13 11:06:00 Debug: save
2017-11-13 11:06:00 Debug: save
2017-11-13 11:06:00 Debug: save
2017-11-13 11:06:00 Debug: save
2017-11-13 11:06:00 Debug: save
2017-11-13 11:06:00 Debug: save
2017-11-13 11:06:00 Debug: save
2017-11-13 11:06:00 Debug: save
2017-11-13 11:06:00 Debug: save
2017-11-13 12:13:15 Debug: {
    "fullname": "สาคนร",
    "tel": "0992685988",
    "email": "",
    "lineid": "",
    "created": "2017-11-13T12:13:15+07:00",
    "modified": "2017-11-13T12:13:15+07:00",
    "id": "fc8d4c92-37a2-49fb-a769-0b9c7cf8eef5"
}
2017-11-13 12:14:53 Notice: Notice (8): Trying to get property of non-object in [C:\xampp\htdocs\Dropbox\bestland\src\Controller\AssetOrderController.php, line 86]
Request URL: /asset-order/sales
Referer URL: http://127.0.0.1/Dropbox/bestland/asset-order/sales
Client IP: 127.0.0.1
Trace:
Cake\Error\BaseErrorHandler::handleError() - CORE\src\Error\BaseErrorHandler.php, line 153
App\Controller\AssetOrderController::create_customer_asset() - APP/Controller\AssetOrderController.php, line 86
App\Controller\AssetOrderController::sales() - APP/Controller\AssetOrderController.php, line 35
Cake\Controller\Controller::invokeAction() - CORE\src\Controller\Controller.php, line 440
Cake\Http\ActionDispatcher::_invoke() - CORE\src\Http\ActionDispatcher.php, line 119
Cake\Http\ActionDispatcher::dispatch() - CORE\src\Http\ActionDispatcher.php, line 93
Cake\Http\BaseApplication::__invoke() - CORE\src\Http\BaseApplication.php, line 103
Cake\Http\Runner::__invoke() - CORE\src\Http\Runner.php, line 65
Cake\Routing\Middleware\RoutingMiddleware::__invoke() - CORE\src\Routing\Middleware\RoutingMiddleware.php, line 106
Cake\Http\Runner::__invoke() - CORE\src\Http\Runner.php, line 65
Cake\Routing\Middleware\AssetMiddleware::__invoke() - CORE\src\Routing\Middleware\AssetMiddleware.php, line 88
Cake\Http\Runner::__invoke() - CORE\src\Http\Runner.php, line 65
Cake\Error\Middleware\ErrorHandlerMiddleware::__invoke() - CORE\src\Error\Middleware\ErrorHandlerMiddleware.php, line 95
Cake\Http\Runner::__invoke() - CORE\src\Http\Runner.php, line 65
Cake\Http\Runner::run() - CORE\src\Http\Runner.php, line 51
Cake\Http\Server::run() - CORE\src\Http\Server.php, line 81
[main] - ROOT\webroot\index.php, line 40



2017-11-13 12:22:45 Notice: Strict (2048): Declaration of App\Controller\Component\SendemailComponent::setConfig() should be compatible with Cake\Controller\Component::setConfig($key, $value = NULL, $merge = true) in [C:\xampp\htdocs\Dropbox\bestland\src\Controller\Component\SendemailComponent.php, line 87]
Request URL: /jobs/register
Referer URL: http://127.0.0.1/Dropbox/bestland/jobs/register
Client IP: 127.0.0.1
Trace:
Cake\Error\BaseErrorHandler::handleError() - CORE\src\Error\BaseErrorHandler.php, line 153
Composer\Autoload\includeFile - ROOT\vendor\composer\ClassLoader.php, line 412
Composer\Autoload\includeFile - ROOT\vendor\composer\ClassLoader.php, line 412
Composer\Autoload\ClassLoader::loadClass() - ROOT\vendor\composer\ClassLoader.php, line 301
spl_autoload_call - [internal], line ??
class_exists - [internal], line ??
Cake\Core\App::_classExistsInBase() - CORE\src\Core\App.php, line 152
Cake\Core\App::className() - CORE\src\Core\App.php, line 64
Cake\Controller\ComponentRegistry::_resolveClassName() - CORE\src\Controller\ComponentRegistry.php, line 84
Cake\Core\ObjectRegistry::load() - CORE\src\Core\ObjectRegistry.php, line 91
Cake\Controller\Controller::loadComponent() - CORE\src\Controller\Controller.php, line 324
App\Controller\JobsController::sendemail() - APP/Controller\JobsController.php, line 76
App\Controller\JobsController::register() - APP/Controller\JobsController.php, line 50
Cake\Controller\Controller::invokeAction() - CORE\src\Controller\Controller.php, line 440
Cake\Http\ActionDispatcher::_invoke() - CORE\src\Http\ActionDispatcher.php, line 119
Cake\Http\ActionDispatcher::dispatch() - CORE\src\Http\ActionDispatcher.php, line 93
Cake\Http\BaseApplication::__invoke() - CORE\src\Http\BaseApplication.php, line 103
Cake\Http\Runner::__invoke() - CORE\src\Http\Runner.php, line 65
Cake\Routing\Middleware\RoutingMiddleware::__invoke() - CORE\src\Routing\Middleware\RoutingMiddleware.php, line 106
Cake\Http\Runner::__invoke() - CORE\src\Http\Runner.php, line 65
Cake\Routing\Middleware\AssetMiddleware::__invoke() - CORE\src\Routing\Middleware\AssetMiddleware.php, line 88
Cake\Http\Runner::__invoke() - CORE\src\Http\Runner.php, line 65
Cake\Error\Middleware\ErrorHandlerMiddleware::__invoke() - CORE\src\Error\Middleware\ErrorHandlerMiddleware.php, line 95
Cake\Http\Runner::__invoke() - CORE\src\Http\Runner.php, line 65
Cake\Http\Runner::run() - CORE\src\Http\Runner.php, line 51
Cake\Http\Server::run() - CORE\src\Http\Server.php, line 81
[main] - ROOT\webroot\index.php, line 40



2017-11-13 12:33:00 Notice: Strict (2048): Declaration of App\Controller\Component\SendemailComponent::setConfig() should be compatible with Cake\Controller\Component::setConfig($key, $value = NULL, $merge = true) in [C:\xampp\htdocs\Dropbox\bestland\src\Controller\Component\SendemailComponent.php, line 87]
Request URL: /jobs/register
Referer URL: http://127.0.0.1/Dropbox/bestland/jobs/register
Client IP: 127.0.0.1
Trace:
Cake\Error\BaseErrorHandler::handleError() - CORE\src\Error\BaseErrorHandler.php, line 153
Composer\Autoload\includeFile - ROOT\vendor\composer\ClassLoader.php, line 412
Composer\Autoload\includeFile - ROOT\vendor\composer\ClassLoader.php, line 412
Composer\Autoload\ClassLoader::loadClass() - ROOT\vendor\composer\ClassLoader.php, line 301
spl_autoload_call - [internal], line ??
class_exists - [internal], line ??
Cake\Core\App::_classExistsInBase() - CORE\src\Core\App.php, line 152
Cake\Core\App::className() - CORE\src\Core\App.php, line 64
Cake\Controller\ComponentRegistry::_resolveClassName() - CORE\src\Controller\ComponentRegistry.php, line 84
Cake\Core\ObjectRegistry::load() - CORE\src\Core\ObjectRegistry.php, line 91
Cake\Controller\Controller::loadComponent() - CORE\src\Controller\Controller.php, line 324
App\Controller\JobsController::sendemail() - APP/Controller\JobsController.php, line 76
App\Controller\JobsController::register() - APP/Controller\JobsController.php, line 50
Cake\Controller\Controller::invokeAction() - CORE\src\Controller\Controller.php, line 440
Cake\Http\ActionDispatcher::_invoke() - CORE\src\Http\ActionDispatcher.php, line 119
Cake\Http\ActionDispatcher::dispatch() - CORE\src\Http\ActionDispatcher.php, line 93
Cake\Http\BaseApplication::__invoke() - CORE\src\Http\BaseApplication.php, line 103
Cake\Http\Runner::__invoke() - CORE\src\Http\Runner.php, line 65
Cake\Routing\Middleware\RoutingMiddleware::__invoke() - CORE\src\Routing\Middleware\RoutingMiddleware.php, line 106
Cake\Http\Runner::__invoke() - CORE\src\Http\Runner.php, line 65
Cake\Routing\Middleware\AssetMiddleware::__invoke() - CORE\src\Routing\Middleware\AssetMiddleware.php, line 88
Cake\Http\Runner::__invoke() - CORE\src\Http\Runner.php, line 65
Cake\Error\Middleware\ErrorHandlerMiddleware::__invoke() - CORE\src\Error\Middleware\ErrorHandlerMiddleware.php, line 95
Cake\Http\Runner::__invoke() - CORE\src\Http\Runner.php, line 65
Cake\Http\Runner::run() - CORE\src\Http\Runner.php, line 51
Cake\Http\Server::run() - CORE\src\Http\Server.php, line 81
[main] - ROOT\webroot\index.php, line 40



2017-11-13 12:38:05 Notice: Strict (2048): Declaration of App\Controller\Component\SendemailComponent::setConfig() should be compatible with Cake\Controller\Component::setConfig($key, $value = NULL, $merge = true) in [C:\xampp\htdocs\Dropbox\bestland\src\Controller\Component\SendemailComponent.php, line 87]
Request URL: /jobs/register
Referer URL: http://127.0.0.1/Dropbox/bestland/jobs/register
Client IP: 127.0.0.1
Trace:
Cake\Error\BaseErrorHandler::handleError() - CORE\src\Error\BaseErrorHandler.php, line 153
Composer\Autoload\includeFile - ROOT\vendor\composer\ClassLoader.php, line 412
Composer\Autoload\includeFile - ROOT\vendor\composer\ClassLoader.php, line 412
Composer\Autoload\ClassLoader::loadClass() - ROOT\vendor\composer\ClassLoader.php, line 301
spl_autoload_call - [internal], line ??
class_exists - [internal], line ??
Cake\Core\App::_classExistsInBase() - CORE\src\Core\App.php, line 152
Cake\Core\App::className() - CORE\src\Core\App.php, line 64
Cake\Controller\ComponentRegistry::_resolveClassName() - CORE\src\Controller\ComponentRegistry.php, line 84
Cake\Core\ObjectRegistry::load() - CORE\src\Core\ObjectRegistry.php, line 91
Cake\Controller\Controller::loadComponent() - CORE\src\Controller\Controller.php, line 324
App\Controller\JobsController::sendemail() - APP/Controller\JobsController.php, line 76
App\Controller\JobsController::register() - APP/Controller\JobsController.php, line 50
Cake\Controller\Controller::invokeAction() - CORE\src\Controller\Controller.php, line 440
Cake\Http\ActionDispatcher::_invoke() - CORE\src\Http\ActionDispatcher.php, line 119
Cake\Http\ActionDispatcher::dispatch() - CORE\src\Http\ActionDispatcher.php, line 93
Cake\Http\BaseApplication::__invoke() - CORE\src\Http\BaseApplication.php, line 103
Cake\Http\Runner::__invoke() - CORE\src\Http\Runner.php, line 65
Cake\Routing\Middleware\RoutingMiddleware::__invoke() - CORE\src\Routing\Middleware\RoutingMiddleware.php, line 106
Cake\Http\Runner::__invoke() - CORE\src\Http\Runner.php, line 65
Cake\Routing\Middleware\AssetMiddleware::__invoke() - CORE\src\Routing\Middleware\AssetMiddleware.php, line 88
Cake\Http\Runner::__invoke() - CORE\src\Http\Runner.php, line 65
Cake\Error\Middleware\ErrorHandlerMiddleware::__invoke() - CORE\src\Error\Middleware\ErrorHandlerMiddleware.php, line 95
Cake\Http\Runner::__invoke() - CORE\src\Http\Runner.php, line 65
Cake\Http\Runner::run() - CORE\src\Http\Runner.php, line 51
Cake\Http\Server::run() - CORE\src\Http\Server.php, line 81
[main] - ROOT\webroot\index.php, line 40



2017-11-13 12:56:26 Notice: Strict (2048): Declaration of App\Controller\Component\SendemailComponent::setConfig() should be compatible with Cake\Controller\Component::setConfig($key, $value = NULL, $merge = true) in [C:\xampp\htdocs\Dropbox\bestland\src\Controller\Component\SendemailComponent.php, line 115]
Request URL: /asset-order/sales
Referer URL: http://127.0.0.1/Dropbox/bestland/asset-order/sales
Client IP: 127.0.0.1
Trace:
Cake\Error\BaseErrorHandler::handleError() - CORE\src\Error\BaseErrorHandler.php, line 153
Composer\Autoload\includeFile - ROOT\vendor\composer\ClassLoader.php, line 412
Composer\Autoload\includeFile - ROOT\vendor\composer\ClassLoader.php, line 412
Composer\Autoload\ClassLoader::loadClass() - ROOT\vendor\composer\ClassLoader.php, line 301
spl_autoload_call - [internal], line ??
class_exists - [internal], line ??
Cake\Core\App::_classExistsInBase() - CORE\src\Core\App.php, line 152
Cake\Core\App::className() - CORE\src\Core\App.php, line 64
Cake\Controller\ComponentRegistry::_resolveClassName() - CORE\src\Controller\ComponentRegistry.php, line 84
Cake\Core\ObjectRegistry::load() - CORE\src\Core\ObjectRegistry.php, line 91
Cake\Controller\Controller::loadComponent() - CORE\src\Controller\Controller.php, line 324
App\Controller\AssetOrderController::sendemail() - APP/Controller\AssetOrderController.php, line 121
App\Controller\AssetOrderController::sales() - APP/Controller\AssetOrderController.php, line 36
Cake\Controller\Controller::invokeAction() - CORE\src\Controller\Controller.php, line 440
Cake\Http\ActionDispatcher::_invoke() - CORE\src\Http\ActionDispatcher.php, line 119
Cake\Http\ActionDispatcher::dispatch() - CORE\src\Http\ActionDispatcher.php, line 93
Cake\Http\BaseApplication::__invoke() - CORE\src\Http\BaseApplication.php, line 103
Cake\Http\Runner::__invoke() - CORE\src\Http\Runner.php, line 65
Cake\Routing\Middleware\RoutingMiddleware::__invoke() - CORE\src\Routing\Middleware\RoutingMiddleware.php, line 106
Cake\Http\Runner::__invoke() - CORE\src\Http\Runner.php, line 65
Cake\Routing\Middleware\AssetMiddleware::__invoke() - CORE\src\Routing\Middleware\AssetMiddleware.php, line 88
Cake\Http\Runner::__invoke() - CORE\src\Http\Runner.php, line 65
Cake\Error\Middleware\ErrorHandlerMiddleware::__invoke() - CORE\src\Error\Middleware\ErrorHandlerMiddleware.php, line 95
Cake\Http\Runner::__invoke() - CORE\src\Http\Runner.php, line 65
Cake\Http\Runner::run() - CORE\src\Http\Runner.php, line 51
Cake\Http\Server::run() - CORE\src\Http\Server.php, line 81
[main] - ROOT\webroot\index.php, line 40



2017-11-13 13:15:59 Notice: Strict (2048): Declaration of App\Controller\Component\SendemailComponent::setConfig() should be compatible with Cake\Controller\Component::setConfig($key, $value = NULL, $merge = true) in [C:\xampp\htdocs\Dropbox\bestland\src\Controller\Component\SendemailComponent.php, line 143]
Request URL: /asset-order/sales
Referer URL: http://127.0.0.1/Dropbox/bestland/asset-order/sales
Client IP: 127.0.0.1
Trace:
Cake\Error\BaseErrorHandler::handleError() - CORE\src\Error\BaseErrorHandler.php, line 153
Composer\Autoload\includeFile - ROOT\vendor\composer\ClassLoader.php, line 412
Composer\Autoload\includeFile - ROOT\vendor\composer\ClassLoader.php, line 412
Composer\Autoload\ClassLoader::loadClass() - ROOT\vendor\composer\ClassLoader.php, line 301
spl_autoload_call - [internal], line ??
class_exists - [internal], line ??
Cake\Core\App::_classExistsInBase() - CORE\src\Core\App.php, line 152
Cake\Core\App::className() - CORE\src\Core\App.php, line 64
Cake\Controller\ComponentRegistry::_resolveClassName() - CORE\src\Controller\ComponentRegistry.php, line 84
Cake\Core\ObjectRegistry::load() - CORE\src\Core\ObjectRegistry.php, line 91
Cake\Controller\Controller::loadComponent() - CORE\src\Controller\Controller.php, line 324
App\Controller\AssetOrderController::sendemail() - APP/Controller\AssetOrderController.php, line 121
App\Controller\AssetOrderController::sales() - APP/Controller\AssetOrderController.php, line 36
Cake\Controller\Controller::invokeAction() - CORE\src\Controller\Controller.php, line 440
Cake\Http\ActionDispatcher::_invoke() - CORE\src\Http\ActionDispatcher.php, line 119
Cake\Http\ActionDispatcher::dispatch() - CORE\src\Http\ActionDispatcher.php, line 93
Cake\Http\BaseApplication::__invoke() - CORE\src\Http\BaseApplication.php, line 103
Cake\Http\Runner::__invoke() - CORE\src\Http\Runner.php, line 65
Cake\Routing\Middleware\RoutingMiddleware::__invoke() - CORE\src\Routing\Middleware\RoutingMiddleware.php, line 106
Cake\Http\Runner::__invoke() - CORE\src\Http\Runner.php, line 65
Cake\Routing\Middleware\AssetMiddleware::__invoke() - CORE\src\Routing\Middleware\AssetMiddleware.php, line 88
Cake\Http\Runner::__invoke() - CORE\src\Http\Runner.php, line 65
Cake\Error\Middleware\ErrorHandlerMiddleware::__invoke() - CORE\src\Error\Middleware\ErrorHandlerMiddleware.php, line 95
Cake\Http\Runner::__invoke() - CORE\src\Http\Runner.php, line 65
Cake\Http\Runner::run() - CORE\src\Http\Runner.php, line 51
Cake\Http\Server::run() - CORE\src\Http\Server.php, line 81
[main] - ROOT\webroot\index.php, line 40



2017-11-14 22:10:22 Notice: Notice (8): Undefined variable: seq in [C:\xampp\htdocs\Dropbox\bestland\src\Template\AdminAsset\index.ctp, line 36]
Request URL: /admin-asset
Referer URL: http://127.0.0.1/Dropbox/bestland/seller
Client IP: 127.0.0.1
Trace:
Cake\Error\BaseErrorHandler::handleError() - CORE\src\Error\BaseErrorHandler.php, line 153
include - APP/Template\AdminAsset\index.ctp, line 36
Cake\View\View::_evaluate() - CORE\src\View\View.php, line 1196
Cake\View\View::_render() - CORE\src\View\View.php, line 1157
Cake\View\View::render() - CORE\src\View\View.php, line 765
Cake\Controller\Controller::render() - CORE\src\Controller\Controller.php, line 623
Cake\Http\ActionDispatcher::_invoke() - CORE\src\Http\ActionDispatcher.php, line 125
Cake\Http\ActionDispatcher::dispatch() - CORE\src\Http\ActionDispatcher.php, line 93
Cake\Http\BaseApplication::__invoke() - CORE\src\Http\BaseApplication.php, line 103
Cake\Http\Runner::__invoke() - CORE\src\Http\Runner.php, line 65
Cake\Routing\Middleware\RoutingMiddleware::__invoke() - CORE\src\Routing\Middleware\RoutingMiddleware.php, line 106
Cake\Http\Runner::__invoke() - CORE\src\Http\Runner.php, line 65
Cake\Routing\Middleware\AssetMiddleware::__invoke() - CORE\src\Routing\Middleware\AssetMiddleware.php, line 88
Cake\Http\Runner::__invoke() - CORE\src\Http\Runner.php, line 65
Cake\Error\Middleware\ErrorHandlerMiddleware::__invoke() - CORE\src\Error\Middleware\ErrorHandlerMiddleware.php, line 95
Cake\Http\Runner::__invoke() - CORE\src\Http\Runner.php, line 65
Cake\Http\Runner::run() - CORE\src\Http\Runner.php, line 51
Cake\Http\Server::run() - CORE\src\Http\Server.php, line 81
[main] - ROOT\webroot\index.php, line 40



2017-11-14 22:10:24 Notice: Notice (8): Undefined variable: seq in [C:\xampp\htdocs\Dropbox\bestland\src\Template\AdminAsset\index.ctp, line 36]
Request URL: /admin-asset
Referer URL: http://127.0.0.1/Dropbox/bestland/admin-asset
Client IP: 127.0.0.1
Trace:
Cake\Error\BaseErrorHandler::handleError() - CORE\src\Error\BaseErrorHandler.php, line 153
include - APP/Template\AdminAsset\index.ctp, line 36
Cake\View\View::_evaluate() - CORE\src\View\View.php, line 1196
Cake\View\View::_render() - CORE\src\View\View.php, line 1157
Cake\View\View::render() - CORE\src\View\View.php, line 765
Cake\Controller\Controller::render() - CORE\src\Controller\Controller.php, line 623
Cake\Http\ActionDispatcher::_invoke() - CORE\src\Http\ActionDispatcher.php, line 125
Cake\Http\ActionDispatcher::dispatch() - CORE\src\Http\ActionDispatcher.php, line 93
Cake\Http\BaseApplication::__invoke() - CORE\src\Http\BaseApplication.php, line 103
Cake\Http\Runner::__invoke() - CORE\src\Http\Runner.php, line 65
Cake\Routing\Middleware\RoutingMiddleware::__invoke() - CORE\src\Routing\Middleware\RoutingMiddleware.php, line 106
Cake\Http\Runner::__invoke() - CORE\src\Http\Runner.php, line 65
Cake\Routing\Middleware\AssetMiddleware::__invoke() - CORE\src\Routing\Middleware\AssetMiddleware.php, line 88
Cake\Http\Runner::__invoke() - CORE\src\Http\Runner.php, line 65
Cake\Error\Middleware\ErrorHandlerMiddleware::__invoke() - CORE\src\Error\Middleware\ErrorHandlerMiddleware.php, line 95
Cake\Http\Runner::__invoke() - CORE\src\Http\Runner.php, line 65
Cake\Http\Runner::run() - CORE\src\Http\Runner.php, line 51
Cake\Http\Server::run() - CORE\src\Http\Server.php, line 81
[main] - ROOT\webroot\index.php, line 40



2017-11-14 22:10:25 Notice: Notice (8): Undefined variable: seq in [C:\xampp\htdocs\Dropbox\bestland\src\Template\AdminAsset\index.ctp, line 36]
Request URL: /admin-asset
Referer URL: http://127.0.0.1/Dropbox/bestland/admin-asset
Client IP: 127.0.0.1
Trace:
Cake\Error\BaseErrorHandler::handleError() - CORE\src\Error\BaseErrorHandler.php, line 153
include - APP/Template\AdminAsset\index.ctp, line 36
Cake\View\View::_evaluate() - CORE\src\View\View.php, line 1196
Cake\View\View::_render() - CORE\src\View\View.php, line 1157
Cake\View\View::render() - CORE\src\View\View.php, line 765
Cake\Controller\Controller::render() - CORE\src\Controller\Controller.php, line 623
Cake\Http\ActionDispatcher::_invoke() - CORE\src\Http\ActionDispatcher.php, line 125
Cake\Http\ActionDispatcher::dispatch() - CORE\src\Http\ActionDispatcher.php, line 93
Cake\Http\BaseApplication::__invoke() - CORE\src\Http\BaseApplication.php, line 103
Cake\Http\Runner::__invoke() - CORE\src\Http\Runner.php, line 65
Cake\Routing\Middleware\RoutingMiddleware::__invoke() - CORE\src\Routing\Middleware\RoutingMiddleware.php, line 106
Cake\Http\Runner::__invoke() - CORE\src\Http\Runner.php, line 65
Cake\Routing\Middleware\AssetMiddleware::__invoke() - CORE\src\Routing\Middleware\AssetMiddleware.php, line 88
Cake\Http\Runner::__invoke() - CORE\src\Http\Runner.php, line 65
Cake\Error\Middleware\ErrorHandlerMiddleware::__invoke() - CORE\src\Error\Middleware\ErrorHandlerMiddleware.php, line 95
Cake\Http\Runner::__invoke() - CORE\src\Http\Runner.php, line 65
Cake\Http\Runner::run() - CORE\src\Http\Runner.php, line 51
Cake\Http\Server::run() - CORE\src\Http\Server.php, line 81
[main] - ROOT\webroot\index.php, line 40



2017-11-14 22:10:26 Notice: Notice (8): Undefined variable: seq in [C:\xampp\htdocs\Dropbox\bestland\src\Template\AdminAsset\index.ctp, line 36]
Request URL: /admin-asset
Referer URL: http://127.0.0.1/Dropbox/bestland/admin-asset
Client IP: 127.0.0.1
Trace:
Cake\Error\BaseErrorHandler::handleError() - CORE\src\Error\BaseErrorHandler.php, line 153
include - APP/Template\AdminAsset\index.ctp, line 36
Cake\View\View::_evaluate() - CORE\src\View\View.php, line 1196
Cake\View\View::_render() - CORE\src\View\View.php, line 1157
Cake\View\View::render() - CORE\src\View\View.php, line 765
Cake\Controller\Controller::render() - CORE\src\Controller\Controller.php, line 623
Cake\Http\ActionDispatcher::_invoke() - CORE\src\Http\ActionDispatcher.php, line 125
Cake\Http\ActionDispatcher::dispatch() - CORE\src\Http\ActionDispatcher.php, line 93
Cake\Http\BaseApplication::__invoke() - CORE\src\Http\BaseApplication.php, line 103
Cake\Http\Runner::__invoke() - CORE\src\Http\Runner.php, line 65
Cake\Routing\Middleware\RoutingMiddleware::__invoke() - CORE\src\Routing\Middleware\RoutingMiddleware.php, line 106
Cake\Http\Runner::__invoke() - CORE\src\Http\Runner.php, line 65
Cake\Routing\Middleware\AssetMiddleware::__invoke() - CORE\src\Routing\Middleware\AssetMiddleware.php, line 88
Cake\Http\Runner::__invoke() - CORE\src\Http\Runner.php, line 65
Cake\Error\Middleware\ErrorHandlerMiddleware::__invoke() - CORE\src\Error\Middleware\ErrorHandlerMiddleware.php, line 95
Cake\Http\Runner::__invoke() - CORE\src\Http\Runner.php, line 65
Cake\Http\Runner::run() - CORE\src\Http\Runner.php, line 51
Cake\Http\Server::run() - CORE\src\Http\Server.php, line 81
[main] - ROOT\webroot\index.php, line 40



2017-11-14 22:10:27 Notice: Notice (8): Undefined variable: seq in [C:\xampp\htdocs\Dropbox\bestland\src\Template\AdminAsset\index.ctp, line 36]
Request URL: /admin-asset
Referer URL: http://127.0.0.1/Dropbox/bestland/admin-asset
Client IP: 127.0.0.1
Trace:
Cake\Error\BaseErrorHandler::handleError() - CORE\src\Error\BaseErrorHandler.php, line 153
include - APP/Template\AdminAsset\index.ctp, line 36
Cake\View\View::_evaluate() - CORE\src\View\View.php, line 1196
Cake\View\View::_render() - CORE\src\View\View.php, line 1157
Cake\View\View::render() - CORE\src\View\View.php, line 765
Cake\Controller\Controller::render() - CORE\src\Controller\Controller.php, line 623
Cake\Http\ActionDispatcher::_invoke() - CORE\src\Http\ActionDispatcher.php, line 125
Cake\Http\ActionDispatcher::dispatch() - CORE\src\Http\ActionDispatcher.php, line 93
Cake\Http\BaseApplication::__invoke() - CORE\src\Http\BaseApplication.php, line 103
Cake\Http\Runner::__invoke() - CORE\src\Http\Runner.php, line 65
Cake\Routing\Middleware\RoutingMiddleware::__invoke() - CORE\src\Routing\Middleware\RoutingMiddleware.php, line 106
Cake\Http\Runner::__invoke() - CORE\src\Http\Runner.php, line 65
Cake\Routing\Middleware\AssetMiddleware::__invoke() - CORE\src\Routing\Middleware\AssetMiddleware.php, line 88
Cake\Http\Runner::__invoke() - CORE\src\Http\Runner.php, line 65
Cake\Error\Middleware\ErrorHandlerMiddleware::__invoke() - CORE\src\Error\Middleware\ErrorHandlerMiddleware.php, line 95
Cake\Http\Runner::__invoke() - CORE\src\Http\Runner.php, line 65
Cake\Http\Runner::run() - CORE\src\Http\Runner.php, line 51
Cake\Http\Server::run() - CORE\src\Http\Server.php, line 81
[main] - ROOT\webroot\index.php, line 40



2017-11-14 22:23:04 Debug: save
2017-11-14 22:23:04 Debug: save
2017-11-14 22:23:04 Debug: save
2017-11-14 22:23:04 Debug: save
2017-11-14 22:23:04 Debug: save
2017-11-14 22:23:04 Debug: save
2017-11-14 22:23:04 Debug: save
2017-11-14 22:23:04 Debug: save
2017-11-14 22:23:04 Debug: save
2017-11-14 22:23:04 Debug: save
2017-11-14 22:23:04 Debug: save
2017-11-14 22:23:04 Debug: save
2017-11-14 22:23:04 Debug: save
2017-11-14 22:23:35 Debug: save
2017-11-14 22:23:35 Debug: save
2017-11-14 22:23:35 Debug: save
2017-11-14 22:23:35 Debug: save
2017-11-14 22:23:35 Debug: save
2017-11-14 22:23:35 Debug: save
2017-11-14 22:23:35 Debug: save
2017-11-14 22:23:35 Debug: save
2017-11-14 22:23:35 Debug: save
2017-11-14 22:23:35 Debug: save
2017-11-14 22:23:35 Debug: save
2017-11-14 22:23:35 Debug: save
2017-11-14 22:23:35 Debug: save
2017-11-14 22:23:51 Debug: save
2017-11-14 22:23:51 Debug: save
2017-11-14 22:23:51 Debug: save
2017-11-14 22:23:51 Debug: save
2017-11-14 22:23:51 Debug: save
2017-11-14 22:23:51 Debug: save
2017-11-14 22:23:51 Debug: save
2017-11-14 22:23:51 Debug: save
2017-11-14 22:23:51 Debug: save
2017-11-14 22:23:51 Debug: save
2017-11-14 22:23:51 Debug: save
2017-11-14 22:23:51 Debug: save
2017-11-14 22:23:51 Debug: save
2017-11-14 22:39:36 Debug: save
2017-11-14 22:39:36 Debug: save
2017-11-14 22:39:36 Debug: save
2017-11-14 22:39:36 Debug: save
2017-11-14 22:39:36 Debug: save
2017-11-14 22:39:36 Debug: save
2017-11-14 22:39:36 Debug: save
2017-11-14 22:39:36 Debug: save
2017-11-14 22:39:36 Debug: save
2017-11-14 22:39:36 Debug: save
2017-11-14 22:39:36 Debug: save
2017-11-14 22:39:36 Debug: save
2017-11-14 22:39:36 Debug: save
2017-11-14 22:39:58 Debug: save
2017-11-14 22:39:58 Debug: save
2017-11-14 22:39:58 Debug: save
2017-11-14 22:39:58 Debug: save
2017-11-14 22:39:58 Debug: save
2017-11-14 22:39:58 Debug: save
2017-11-14 22:39:58 Debug: save
2017-11-14 22:39:58 Debug: save
2017-11-14 22:39:58 Debug: save
2017-11-14 22:39:58 Debug: save
2017-11-14 22:39:58 Debug: save
2017-11-14 22:39:58 Debug: save
2017-11-14 22:39:58 Debug: save
2017-11-14 22:44:07 Debug: save
2017-11-14 22:44:07 Debug: save
2017-11-14 22:44:07 Debug: save
2017-11-14 22:44:07 Debug: save
2017-11-14 22:44:07 Debug: save
